<?xml version="1.0" encoding="UTF-8"?>
<testsuites>
  <testsuite name="" tests="57" assertions="212" errors="0" warnings="0" failures="0" skipped="0" time="0.063355">
    <testsuite name="Project Test Suite" tests="57" assertions="212" errors="0" warnings="0" failures="0" skipped="0" time="0.063355">
      <testsuite name="BlackJackTest" file="/Users/august/dbwebb-kurser/mvc/me/report/tests/BlackJack/BlackJackTest.php" tests="15" assertions="24" errors="0" warnings="0" failures="0" skipped="0" time="0.032142">
        <testcase name="testConstruct" class="BlackJackTest" classname="BlackJackTest" file="/Users/august/dbwebb-kurser/mvc/me/report/tests/BlackJack/BlackJackTest.php" line="19" assertions="1" time="0.014222"/>
        <testcase name="testGetPlayerById" class="BlackJackTest" classname="BlackJackTest" file="/Users/august/dbwebb-kurser/mvc/me/report/tests/BlackJack/BlackJackTest.php" line="24" assertions="3" time="0.001605"/>
        <testcase name="testPlayerBlackjack" class="BlackJackTest" classname="BlackJackTest" file="/Users/august/dbwebb-kurser/mvc/me/report/tests/BlackJack/BlackJackTest.php" line="35" assertions="1" time="0.000921"/>
        <testcase name="testPlayerAndDealerBlackjack" class="BlackJackTest" classname="BlackJackTest" file="/Users/august/dbwebb-kurser/mvc/me/report/tests/BlackJack/BlackJackTest.php" line="51" assertions="1" time="0.000937"/>
        <testcase name="testPlayerBust" class="BlackJackTest" classname="BlackJackTest" file="/Users/august/dbwebb-kurser/mvc/me/report/tests/BlackJack/BlackJackTest.php" line="67" assertions="1" time="0.000879"/>
        <testcase name="testPlayerWins" class="BlackJackTest" classname="BlackJackTest" file="/Users/august/dbwebb-kurser/mvc/me/report/tests/BlackJack/BlackJackTest.php" line="84" assertions="1" time="0.000902"/>
        <testcase name="testDealerBust" class="BlackJackTest" classname="BlackJackTest" file="/Users/august/dbwebb-kurser/mvc/me/report/tests/BlackJack/BlackJackTest.php" line="100" assertions="1" time="0.000941"/>
        <testcase name="testPlayerHits" class="BlackJackTest" classname="BlackJackTest" file="/Users/august/dbwebb-kurser/mvc/me/report/tests/BlackJack/BlackJackTest.php" line="117" assertions="3" time="0.002437"/>
        <testcase name="testInitRound" class="BlackJackTest" classname="BlackJackTest" file="/Users/august/dbwebb-kurser/mvc/me/report/tests/BlackJack/BlackJackTest.php" line="144" assertions="2" time="0.001045"/>
        <testcase name="testNewRoundReset" class="BlackJackTest" classname="BlackJackTest" file="/Users/august/dbwebb-kurser/mvc/me/report/tests/BlackJack/BlackJackTest.php" line="156" assertions="3" time="0.000944"/>
        <testcase name="testRenewDeck" class="BlackJackTest" classname="BlackJackTest" file="/Users/august/dbwebb-kurser/mvc/me/report/tests/BlackJack/BlackJackTest.php" line="178" assertions="1" time="0.001209"/>
        <testcase name="testAreAllPlayersStandingTrue" class="BlackJackTest" classname="BlackJackTest" file="/Users/august/dbwebb-kurser/mvc/me/report/tests/BlackJack/BlackJackTest.php" line="191" assertions="1" time="0.000972"/>
        <testcase name="testAreAllPlayersStandingFalse" class="BlackJackTest" classname="BlackJackTest" file="/Users/august/dbwebb-kurser/mvc/me/report/tests/BlackJack/BlackJackTest.php" line="203" assertions="1" time="0.000944"/>
        <testcase name="testDealerPlays" class="BlackJackTest" classname="BlackJackTest" file="/Users/august/dbwebb-kurser/mvc/me/report/tests/BlackJack/BlackJackTest.php" line="215" assertions="3" time="0.003255"/>
        <testcase name="testRemoveBankruptPlayers" class="BlackJackTest" classname="BlackJackTest" file="/Users/august/dbwebb-kurser/mvc/me/report/tests/BlackJack/BlackJackTest.php" line="226" assertions="1" time="0.000929"/>
      </testsuite>
      <testsuite name="DealerTest" file="/Users/august/dbwebb-kurser/mvc/me/report/tests/BlackJack/DealerTest.php" tests="2" assertions="4" errors="0" warnings="0" failures="0" skipped="0" time="0.000696">
        <testcase name="testDealerCreation" class="DealerTest" classname="DealerTest" file="/Users/august/dbwebb-kurser/mvc/me/report/tests/BlackJack/DealerTest.php" line="9" assertions="2" time="0.000364"/>
        <testcase name="testDealerSetGetBalance" class="DealerTest" classname="DealerTest" file="/Users/august/dbwebb-kurser/mvc/me/report/tests/BlackJack/DealerTest.php" line="17" assertions="2" time="0.000332"/>
      </testsuite>
      <testsuite name="PlayerTest" file="/Users/august/dbwebb-kurser/mvc/me/report/tests/BlackJack/PlayerTest.php" tests="11" assertions="13" errors="0" warnings="0" failures="0" skipped="0" time="0.004534">
        <testcase name="testPlayerCreation" class="PlayerTest" classname="PlayerTest" file="/Users/august/dbwebb-kurser/mvc/me/report/tests/BlackJack/PlayerTest.php" line="9" assertions="2" time="0.000346"/>
        <testcase name="testPlayerBet" class="PlayerTest" classname="PlayerTest" file="/Users/august/dbwebb-kurser/mvc/me/report/tests/BlackJack/PlayerTest.php" line="17" assertions="1" time="0.000328"/>
        <testcase name="testPlayerBalanceUpdate" class="PlayerTest" classname="PlayerTest" file="/Users/august/dbwebb-kurser/mvc/me/report/tests/BlackJack/PlayerTest.php" line="25" assertions="1" time="0.000322"/>
        <testcase name="testPlayerAddCard" class="PlayerTest" classname="PlayerTest" file="/Users/august/dbwebb-kurser/mvc/me/report/tests/BlackJack/PlayerTest.php" line="33" assertions="2" time="0.000459"/>
        <testcase name="testPlayerResetHand" class="PlayerTest" classname="PlayerTest" file="/Users/august/dbwebb-kurser/mvc/me/report/tests/BlackJack/PlayerTest.php" line="43" assertions="1" time="0.000561"/>
        <testcase name="testGetId" class="PlayerTest" classname="PlayerTest" file="/Users/august/dbwebb-kurser/mvc/me/report/tests/BlackJack/PlayerTest.php" line="53" assertions="1" time="0.000832"/>
        <testcase name="testGetSetRoundWinnings" class="PlayerTest" classname="PlayerTest" file="/Users/august/dbwebb-kurser/mvc/me/report/tests/BlackJack/PlayerTest.php" line="60" assertions="1" time="0.000312"/>
        <testcase name="testGetSetCurrentScore" class="PlayerTest" classname="PlayerTest" file="/Users/august/dbwebb-kurser/mvc/me/report/tests/BlackJack/PlayerTest.php" line="68" assertions="1" time="0.000307"/>
        <testcase name="testGetSetPlayerStanding" class="PlayerTest" classname="PlayerTest" file="/Users/august/dbwebb-kurser/mvc/me/report/tests/BlackJack/PlayerTest.php" line="76" assertions="1" time="0.000320"/>
        <testcase name="testGetSetBlackJack" class="PlayerTest" classname="PlayerTest" file="/Users/august/dbwebb-kurser/mvc/me/report/tests/BlackJack/PlayerTest.php" line="84" assertions="1" time="0.000408"/>
        <testcase name="testGetSetBust" class="PlayerTest" classname="PlayerTest" file="/Users/august/dbwebb-kurser/mvc/me/report/tests/BlackJack/PlayerTest.php" line="92" assertions="1" time="0.000340"/>
      </testsuite>
      <testsuite name="App\Tests\Entity\BookTest" file="/Users/august/dbwebb-kurser/mvc/me/report/tests/Entity/BookTest.php" tests="1" assertions="4" errors="0" warnings="0" failures="0" skipped="0" time="0.000927">
        <testcase name="testBookEntity" class="App\Tests\Entity\BookTest" classname="App.Tests.Entity.BookTest" file="/Users/august/dbwebb-kurser/mvc/me/report/tests/Entity/BookTest.php" line="10" assertions="4" time="0.000927"/>
      </testsuite>
      <testsuite name="App\Tests\Entity\ProductTest" file="/Users/august/dbwebb-kurser/mvc/me/report/tests/Entity/ProductTest.php" tests="1" assertions="2" errors="0" warnings="0" failures="0" skipped="0" time="0.000872">
        <testcase name="testProductEntity" class="App\Tests\Entity\ProductTest" classname="App.Tests.Entity.ProductTest" file="/Users/august/dbwebb-kurser/mvc/me/report/tests/Entity/ProductTest.php" line="10" assertions="2" time="0.000872"/>
      </testsuite>
      <testsuite name="App\Card\CardHandTest" file="/Users/august/dbwebb-kurser/mvc/me/report/tests/Game21/CardHandTest.php" tests="2" assertions="4" errors="0" warnings="0" failures="0" skipped="0" time="0.001291">
        <testcase name="testCreateCardHand" class="App\Card\CardHandTest" classname="App.Card.CardHandTest" file="/Users/august/dbwebb-kurser/mvc/me/report/tests/Game21/CardHandTest.php" line="16" assertions="3" time="0.000855"/>
        <testcase name="testAddCard" class="App\Card\CardHandTest" classname="App.Card.CardHandTest" file="/Users/august/dbwebb-kurser/mvc/me/report/tests/Game21/CardHandTest.php" line="33" assertions="1" time="0.000437"/>
      </testsuite>
      <testsuite name="App\Card\CardTest" file="/Users/august/dbwebb-kurser/mvc/me/report/tests/Game21/CardTest.php" tests="6" assertions="8" errors="0" warnings="0" failures="0" skipped="0" time="0.002928">
        <testcase name="testCreateCard" class="App\Card\CardTest" classname="App.Card.CardTest" file="/Users/august/dbwebb-kurser/mvc/me/report/tests/Game21/CardTest.php" line="16" assertions="3" time="0.001312"/>
        <testcase name="testToString" class="App\Card\CardTest" classname="App.Card.CardTest" file="/Users/august/dbwebb-kurser/mvc/me/report/tests/Game21/CardTest.php" line="30" assertions="1" time="0.000323"/>
        <testcase name="testGetSuit" class="App\Card\CardTest" classname="App.Card.CardTest" file="/Users/august/dbwebb-kurser/mvc/me/report/tests/Game21/CardTest.php" line="42" assertions="1" time="0.000320"/>
        <testcase name="testGetValue" class="App\Card\CardTest" classname="App.Card.CardTest" file="/Users/august/dbwebb-kurser/mvc/me/report/tests/Game21/CardTest.php" line="54" assertions="1" time="0.000324"/>
        <testcase name="testGetGraphic" class="App\Card\CardTest" classname="App.Card.CardTest" file="/Users/august/dbwebb-kurser/mvc/me/report/tests/Game21/CardTest.php" line="66" assertions="1" time="0.000332"/>
        <testcase name="testToArray" class="App\Card\CardTest" classname="App.Card.CardTest" file="/Users/august/dbwebb-kurser/mvc/me/report/tests/Game21/CardTest.php" line="78" assertions="1" time="0.000318"/>
      </testsuite>
      <testsuite name="App\Card\DeckOfCardsTest" file="/Users/august/dbwebb-kurser/mvc/me/report/tests/Game21/DeckOfCardsTest.php" tests="7" assertions="70" errors="0" warnings="0" failures="0" skipped="0" time="0.011353">
        <testcase name="testCreateDeckOfCards" class="App\Card\DeckOfCardsTest" classname="App.Card.DeckOfCardsTest" file="/Users/august/dbwebb-kurser/mvc/me/report/tests/Game21/DeckOfCardsTest.php" line="16" assertions="1" time="0.000439"/>
        <testcase name="testGetAllCards" class="App\Card\DeckOfCardsTest" classname="App.Card.DeckOfCardsTest" file="/Users/august/dbwebb-kurser/mvc/me/report/tests/Game21/DeckOfCardsTest.php" line="28" assertions="54" time="0.000714"/>
        <testcase name="testGetAllCardsArray" class="App\Card\DeckOfCardsTest" classname="App.Card.DeckOfCardsTest" file="/Users/august/dbwebb-kurser/mvc/me/report/tests/Game21/DeckOfCardsTest.php" line="46" assertions="1" time="0.000619"/>
        <testcase name="testShuffleCards" class="App\Card\DeckOfCardsTest" classname="App.Card.DeckOfCardsTest" file="/Users/august/dbwebb-kurser/mvc/me/report/tests/Game21/DeckOfCardsTest.php" line="321" assertions="3" time="0.007535"/>
        <testcase name="testDrawCard" class="App\Card\DeckOfCardsTest" classname="App.Card.DeckOfCardsTest" file="/Users/august/dbwebb-kurser/mvc/me/report/tests/Game21/DeckOfCardsTest.php" line="346" assertions="3" time="0.000606"/>
        <testcase name="testDrawNumber" class="App\Card\DeckOfCardsTest" classname="App.Card.DeckOfCardsTest" file="/Users/august/dbwebb-kurser/mvc/me/report/tests/Game21/DeckOfCardsTest.php" line="368" assertions="4" time="0.000686"/>
        <testcase name="testGetRemainingCards" class="App\Card\DeckOfCardsTest" classname="App.Card.DeckOfCardsTest" file="/Users/august/dbwebb-kurser/mvc/me/report/tests/Game21/DeckOfCardsTest.php" line="393" assertions="4" time="0.000754"/>
      </testsuite>
      <testsuite name="App\Card\DeckOfCardsWithJokersTest" file="/Users/august/dbwebb-kurser/mvc/me/report/tests/Game21/DeckOfCardsWithJokersTest.php" tests="3" assertions="58" errors="0" warnings="0" failures="0" skipped="0" time="0.002276">
        <testcase name="testCreateDeckOfCardsWithJokers" class="App\Card\DeckOfCardsWithJokersTest" classname="App.Card.DeckOfCardsWithJokersTest" file="/Users/august/dbwebb-kurser/mvc/me/report/tests/Game21/DeckOfCardsWithJokersTest.php" line="16" assertions="1" time="0.000993"/>
        <testcase name="testGetAllCards" class="App\Card\DeckOfCardsWithJokersTest" classname="App.Card.DeckOfCardsWithJokersTest" file="/Users/august/dbwebb-kurser/mvc/me/report/tests/Game21/DeckOfCardsWithJokersTest.php" line="31" assertions="56" time="0.000743"/>
        <testcase name="testGetAllCardsArray" class="App\Card\DeckOfCardsWithJokersTest" classname="App.Card.DeckOfCardsWithJokersTest" file="/Users/august/dbwebb-kurser/mvc/me/report/tests/Game21/DeckOfCardsWithJokersTest.php" line="49" assertions="1" time="0.000540"/>
      </testsuite>
      <testsuite name="App\Card\Game21Test" file="/Users/august/dbwebb-kurser/mvc/me/report/tests/Game21/Game21Test.php" tests="9" assertions="25" errors="0" warnings="0" failures="0" skipped="0" time="0.006336">
        <testcase name="testCreateGame21" class="App\Card\Game21Test" classname="App.Card.Game21Test" file="/Users/august/dbwebb-kurser/mvc/me/report/tests/Game21/Game21Test.php" line="16" assertions="1" time="0.001320"/>
        <testcase name="testBankDraws" class="App\Card\Game21Test" classname="App.Card.Game21Test" file="/Users/august/dbwebb-kurser/mvc/me/report/tests/Game21/Game21Test.php" line="22" assertions="1" time="0.000738"/>
        <testcase name="testWinner" class="App\Card\Game21Test" classname="App.Card.Game21Test" file="/Users/august/dbwebb-kurser/mvc/me/report/tests/Game21/Game21Test.php" line="38" assertions="3" time="0.000435"/>
        <testcase name="testWinnerSameScore" class="App\Card\Game21Test" classname="App.Card.Game21Test" file="/Users/august/dbwebb-kurser/mvc/me/report/tests/Game21/Game21Test.php" line="65" assertions="2" time="0.000471"/>
        <testcase name="testWinnerPlayerBust" class="App\Card\Game21Test" classname="App.Card.Game21Test" file="/Users/august/dbwebb-kurser/mvc/me/report/tests/Game21/Game21Test.php" line="90" assertions="5" time="0.000516"/>
        <testcase name="testWinnerBankBust" class="App\Card\Game21Test" classname="App.Card.Game21Test" file="/Users/august/dbwebb-kurser/mvc/me/report/tests/Game21/Game21Test.php" line="124" assertions="4" time="0.001527"/>
        <testcase name="testWinnerFinalscores" class="App\Card\Game21Test" classname="App.Card.Game21Test" file="/Users/august/dbwebb-kurser/mvc/me/report/tests/Game21/Game21Test.php" line="158" assertions="3" time="0.000452"/>
        <testcase name="testBankMax" class="App\Card\Game21Test" classname="App.Card.Game21Test" file="/Users/august/dbwebb-kurser/mvc/me/report/tests/Game21/Game21Test.php" line="185" assertions="3" time="0.000453"/>
        <testcase name="testBankMin" class="App\Card\Game21Test" classname="App.Card.Game21Test" file="/Users/august/dbwebb-kurser/mvc/me/report/tests/Game21/Game21Test.php" line="213" assertions="3" time="0.000424"/>
      </testsuite>
    </testsuite>
  </testsuite>
</testsuites>
