<?xml version="1.0" encoding="UTF-8"?>
<testsuites>
  <testsuite name="" tests="28" assertions="169" errors="0" warnings="0" failures="0" skipped="0" time="0.051315">
    <testsuite name="Project Test Suite" tests="28" assertions="169" errors="0" warnings="0" failures="0" skipped="0" time="0.051315">
      <testsuite name="App\Tests\Entity\BookTest" file="/Users/august/dbwebb-kurser/mvc/me/report/tests/Entity/BookTest.php" tests="1" assertions="4" errors="0" warnings="0" failures="0" skipped="0" time="0.011258">
        <testcase name="testBookEntity" class="App\Tests\Entity\BookTest" classname="App.Tests.Entity.BookTest" file="/Users/august/dbwebb-kurser/mvc/me/report/tests/Entity/BookTest.php" line="10" assertions="4" time="0.011258"/>
      </testsuite>
      <testsuite name="App\Card\CardHandTest" file="/Users/august/dbwebb-kurser/mvc/me/report/tests/Game21/CardHandTest.php" tests="2" assertions="4" errors="0" warnings="0" failures="0" skipped="0" time="0.004738">
        <testcase name="testCreateCardHand" class="App\Card\CardHandTest" classname="App.Card.CardHandTest" file="/Users/august/dbwebb-kurser/mvc/me/report/tests/Game21/CardHandTest.php" line="16" assertions="3" time="0.003124"/>
        <testcase name="testAddCard" class="App\Card\CardHandTest" classname="App.Card.CardHandTest" file="/Users/august/dbwebb-kurser/mvc/me/report/tests/Game21/CardHandTest.php" line="33" assertions="1" time="0.001614"/>
      </testsuite>
      <testsuite name="App\Card\CardTest" file="/Users/august/dbwebb-kurser/mvc/me/report/tests/Game21/CardTest.php" tests="6" assertions="8" errors="0" warnings="0" failures="0" skipped="0" time="0.005612">
        <testcase name="testCreateCard" class="App\Card\CardTest" classname="App.Card.CardTest" file="/Users/august/dbwebb-kurser/mvc/me/report/tests/Game21/CardTest.php" line="16" assertions="3" time="0.003259"/>
        <testcase name="testToString" class="App\Card\CardTest" classname="App.Card.CardTest" file="/Users/august/dbwebb-kurser/mvc/me/report/tests/Game21/CardTest.php" line="30" assertions="1" time="0.000468"/>
        <testcase name="testGetSuit" class="App\Card\CardTest" classname="App.Card.CardTest" file="/Users/august/dbwebb-kurser/mvc/me/report/tests/Game21/CardTest.php" line="42" assertions="1" time="0.000438"/>
        <testcase name="testGetValue" class="App\Card\CardTest" classname="App.Card.CardTest" file="/Users/august/dbwebb-kurser/mvc/me/report/tests/Game21/CardTest.php" line="54" assertions="1" time="0.000562"/>
        <testcase name="testGetGraphic" class="App\Card\CardTest" classname="App.Card.CardTest" file="/Users/august/dbwebb-kurser/mvc/me/report/tests/Game21/CardTest.php" line="66" assertions="1" time="0.000447"/>
        <testcase name="testToArray" class="App\Card\CardTest" classname="App.Card.CardTest" file="/Users/august/dbwebb-kurser/mvc/me/report/tests/Game21/CardTest.php" line="78" assertions="1" time="0.000438"/>
      </testsuite>
      <testsuite name="App\Card\DeckOfCardsTest" file="/Users/august/dbwebb-kurser/mvc/me/report/tests/Game21/DeckOfCardsTest.php" tests="7" assertions="70" errors="0" warnings="0" failures="0" skipped="0" time="0.018977">
        <testcase name="testCreateDeckOfCards" class="App\Card\DeckOfCardsTest" classname="App.Card.DeckOfCardsTest" file="/Users/august/dbwebb-kurser/mvc/me/report/tests/Game21/DeckOfCardsTest.php" line="16" assertions="1" time="0.002250"/>
        <testcase name="testGetAllCards" class="App\Card\DeckOfCardsTest" classname="App.Card.DeckOfCardsTest" file="/Users/august/dbwebb-kurser/mvc/me/report/tests/Game21/DeckOfCardsTest.php" line="28" assertions="54" time="0.002317"/>
        <testcase name="testGetAllCardsArray" class="App\Card\DeckOfCardsTest" classname="App.Card.DeckOfCardsTest" file="/Users/august/dbwebb-kurser/mvc/me/report/tests/Game21/DeckOfCardsTest.php" line="46" assertions="1" time="0.000722"/>
        <testcase name="testShuffleCards" class="App\Card\DeckOfCardsTest" classname="App.Card.DeckOfCardsTest" file="/Users/august/dbwebb-kurser/mvc/me/report/tests/Game21/DeckOfCardsTest.php" line="321" assertions="3" time="0.010686"/>
        <testcase name="testDrawCard" class="App\Card\DeckOfCardsTest" classname="App.Card.DeckOfCardsTest" file="/Users/august/dbwebb-kurser/mvc/me/report/tests/Game21/DeckOfCardsTest.php" line="346" assertions="3" time="0.001487"/>
        <testcase name="testDrawNumber" class="App\Card\DeckOfCardsTest" classname="App.Card.DeckOfCardsTest" file="/Users/august/dbwebb-kurser/mvc/me/report/tests/Game21/DeckOfCardsTest.php" line="368" assertions="4" time="0.000747"/>
        <testcase name="testGetRemainingCards" class="App\Card\DeckOfCardsTest" classname="App.Card.DeckOfCardsTest" file="/Users/august/dbwebb-kurser/mvc/me/report/tests/Game21/DeckOfCardsTest.php" line="393" assertions="4" time="0.000768"/>
      </testsuite>
      <testsuite name="App\Card\DeckOfCardsWithJokersTest" file="/Users/august/dbwebb-kurser/mvc/me/report/tests/Game21/DeckOfCardsWithJokersTest.php" tests="3" assertions="58" errors="0" warnings="0" failures="0" skipped="0" time="0.003458">
        <testcase name="testCreateDeckOfCardsWithJokers" class="App\Card\DeckOfCardsWithJokersTest" classname="App.Card.DeckOfCardsWithJokersTest" file="/Users/august/dbwebb-kurser/mvc/me/report/tests/Game21/DeckOfCardsWithJokersTest.php" line="16" assertions="1" time="0.001754"/>
        <testcase name="testGetAllCards" class="App\Card\DeckOfCardsWithJokersTest" classname="App.Card.DeckOfCardsWithJokersTest" file="/Users/august/dbwebb-kurser/mvc/me/report/tests/Game21/DeckOfCardsWithJokersTest.php" line="31" assertions="56" time="0.000989"/>
        <testcase name="testGetAllCardsArray" class="App\Card\DeckOfCardsWithJokersTest" classname="App.Card.DeckOfCardsWithJokersTest" file="/Users/august/dbwebb-kurser/mvc/me/report/tests/Game21/DeckOfCardsWithJokersTest.php" line="49" assertions="1" time="0.000716"/>
      </testsuite>
      <testsuite name="App\Card\Game21Test" file="/Users/august/dbwebb-kurser/mvc/me/report/tests/Game21/Game21Test.php" tests="9" assertions="25" errors="0" warnings="0" failures="0" skipped="0" time="0.007272">
        <testcase name="testCreateGame21" class="App\Card\Game21Test" classname="App.Card.Game21Test" file="/Users/august/dbwebb-kurser/mvc/me/report/tests/Game21/Game21Test.php" line="16" assertions="1" time="0.002127"/>
        <testcase name="testBankDraws" class="App\Card\Game21Test" classname="App.Card.Game21Test" file="/Users/august/dbwebb-kurser/mvc/me/report/tests/Game21/Game21Test.php" line="22" assertions="1" time="0.000705"/>
        <testcase name="testWinner" class="App\Card\Game21Test" classname="App.Card.Game21Test" file="/Users/august/dbwebb-kurser/mvc/me/report/tests/Game21/Game21Test.php" line="38" assertions="3" time="0.000552"/>
        <testcase name="testWinnerSameScore" class="App\Card\Game21Test" classname="App.Card.Game21Test" file="/Users/august/dbwebb-kurser/mvc/me/report/tests/Game21/Game21Test.php" line="65" assertions="2" time="0.000505"/>
        <testcase name="testWinnerPlayerBust" class="App\Card\Game21Test" classname="App.Card.Game21Test" file="/Users/august/dbwebb-kurser/mvc/me/report/tests/Game21/Game21Test.php" line="90" assertions="5" time="0.000532"/>
        <testcase name="testWinnerBankBust" class="App\Card\Game21Test" classname="App.Card.Game21Test" file="/Users/august/dbwebb-kurser/mvc/me/report/tests/Game21/Game21Test.php" line="124" assertions="4" time="0.000680"/>
        <testcase name="testWinnerFinalscores" class="App\Card\Game21Test" classname="App.Card.Game21Test" file="/Users/august/dbwebb-kurser/mvc/me/report/tests/Game21/Game21Test.php" line="158" assertions="3" time="0.000528"/>
        <testcase name="testBankMax" class="App\Card\Game21Test" classname="App.Card.Game21Test" file="/Users/august/dbwebb-kurser/mvc/me/report/tests/Game21/Game21Test.php" line="185" assertions="3" time="0.001130"/>
        <testcase name="testBankMin" class="App\Card\Game21Test" classname="App.Card.Game21Test" file="/Users/august/dbwebb-kurser/mvc/me/report/tests/Game21/Game21Test.php" line="213" assertions="3" time="0.000513"/>
      </testsuite>
    </testsuite>
  </testsuite>
</testsuites>
