<?xml version="1.0" encoding="UTF-8"?>
<testsuites>
  <testsuite name="" tests="57" assertions="212" errors="0" warnings="0" failures="0" skipped="0" time="0.080244">
    <testsuite name="Project Test Suite" tests="57" assertions="212" errors="0" warnings="0" failures="0" skipped="0" time="0.080244">
      <testsuite name="BlackJackTest" file="/Users/august/dbwebb-kurser/mvc/me/report/tests/BlackJack/BlackJackTest.php" tests="15" assertions="24" errors="0" warnings="0" failures="0" skipped="0" time="0.035318">
        <testcase name="testConstruct" class="BlackJackTest" classname="BlackJackTest" file="/Users/august/dbwebb-kurser/mvc/me/report/tests/BlackJack/BlackJackTest.php" line="18" assertions="1" time="0.012986"/>
        <testcase name="testGetPlayerById" class="BlackJackTest" classname="BlackJackTest" file="/Users/august/dbwebb-kurser/mvc/me/report/tests/BlackJack/BlackJackTest.php" line="23" assertions="3" time="0.001807"/>
        <testcase name="testPlayerBlackjack" class="BlackJackTest" classname="BlackJackTest" file="/Users/august/dbwebb-kurser/mvc/me/report/tests/BlackJack/BlackJackTest.php" line="34" assertions="1" time="0.001114"/>
        <testcase name="testPlayerAndDealerBlackjack" class="BlackJackTest" classname="BlackJackTest" file="/Users/august/dbwebb-kurser/mvc/me/report/tests/BlackJack/BlackJackTest.php" line="50" assertions="1" time="0.001232"/>
        <testcase name="testPlayerBust" class="BlackJackTest" classname="BlackJackTest" file="/Users/august/dbwebb-kurser/mvc/me/report/tests/BlackJack/BlackJackTest.php" line="66" assertions="1" time="0.001089"/>
        <testcase name="testPlayerWins" class="BlackJackTest" classname="BlackJackTest" file="/Users/august/dbwebb-kurser/mvc/me/report/tests/BlackJack/BlackJackTest.php" line="83" assertions="1" time="0.001216"/>
        <testcase name="testDealerBust" class="BlackJackTest" classname="BlackJackTest" file="/Users/august/dbwebb-kurser/mvc/me/report/tests/BlackJack/BlackJackTest.php" line="99" assertions="1" time="0.001236"/>
        <testcase name="testPlayerHits" class="BlackJackTest" classname="BlackJackTest" file="/Users/august/dbwebb-kurser/mvc/me/report/tests/BlackJack/BlackJackTest.php" line="116" assertions="3" time="0.003002"/>
        <testcase name="testInitRound" class="BlackJackTest" classname="BlackJackTest" file="/Users/august/dbwebb-kurser/mvc/me/report/tests/BlackJack/BlackJackTest.php" line="142" assertions="2" time="0.001268"/>
        <testcase name="testNewRoundReset" class="BlackJackTest" classname="BlackJackTest" file="/Users/august/dbwebb-kurser/mvc/me/report/tests/BlackJack/BlackJackTest.php" line="154" assertions="3" time="0.001168"/>
        <testcase name="testRenewDeck" class="BlackJackTest" classname="BlackJackTest" file="/Users/august/dbwebb-kurser/mvc/me/report/tests/BlackJack/BlackJackTest.php" line="176" assertions="1" time="0.001405"/>
        <testcase name="testAreAllPlayersStandingTrue" class="BlackJackTest" classname="BlackJackTest" file="/Users/august/dbwebb-kurser/mvc/me/report/tests/BlackJack/BlackJackTest.php" line="189" assertions="1" time="0.001180"/>
        <testcase name="testAreAllPlayersStandingFalse" class="BlackJackTest" classname="BlackJackTest" file="/Users/august/dbwebb-kurser/mvc/me/report/tests/BlackJack/BlackJackTest.php" line="201" assertions="1" time="0.001274"/>
        <testcase name="testDealerPlays" class="BlackJackTest" classname="BlackJackTest" file="/Users/august/dbwebb-kurser/mvc/me/report/tests/BlackJack/BlackJackTest.php" line="213" assertions="3" time="0.004190"/>
        <testcase name="testRemoveBankruptPlayers" class="BlackJackTest" classname="BlackJackTest" file="/Users/august/dbwebb-kurser/mvc/me/report/tests/BlackJack/BlackJackTest.php" line="224" assertions="1" time="0.001152"/>
      </testsuite>
      <testsuite name="DealerTest" file="/Users/august/dbwebb-kurser/mvc/me/report/tests/BlackJack/DealerTest.php" tests="2" assertions="4" errors="0" warnings="0" failures="0" skipped="0" time="0.000928">
        <testcase name="testDealerCreation" class="DealerTest" classname="DealerTest" file="/Users/august/dbwebb-kurser/mvc/me/report/tests/BlackJack/DealerTest.php" line="9" assertions="2" time="0.000470"/>
        <testcase name="testDealerSetGetBalance" class="DealerTest" classname="DealerTest" file="/Users/august/dbwebb-kurser/mvc/me/report/tests/BlackJack/DealerTest.php" line="17" assertions="2" time="0.000458"/>
      </testsuite>
      <testsuite name="PlayerTest" file="/Users/august/dbwebb-kurser/mvc/me/report/tests/BlackJack/PlayerTest.php" tests="11" assertions="13" errors="0" warnings="0" failures="0" skipped="0" time="0.006798">
        <testcase name="testPlayerCreation" class="PlayerTest" classname="PlayerTest" file="/Users/august/dbwebb-kurser/mvc/me/report/tests/BlackJack/PlayerTest.php" line="9" assertions="2" time="0.000484"/>
        <testcase name="testPlayerBet" class="PlayerTest" classname="PlayerTest" file="/Users/august/dbwebb-kurser/mvc/me/report/tests/BlackJack/PlayerTest.php" line="17" assertions="1" time="0.000478"/>
        <testcase name="testPlayerBalanceUpdate" class="PlayerTest" classname="PlayerTest" file="/Users/august/dbwebb-kurser/mvc/me/report/tests/BlackJack/PlayerTest.php" line="25" assertions="1" time="0.000490"/>
        <testcase name="testPlayerAddCard" class="PlayerTest" classname="PlayerTest" file="/Users/august/dbwebb-kurser/mvc/me/report/tests/BlackJack/PlayerTest.php" line="33" assertions="2" time="0.000587"/>
        <testcase name="testPlayerResetHand" class="PlayerTest" classname="PlayerTest" file="/Users/august/dbwebb-kurser/mvc/me/report/tests/BlackJack/PlayerTest.php" line="43" assertions="1" time="0.000553"/>
        <testcase name="testGetId" class="PlayerTest" classname="PlayerTest" file="/Users/august/dbwebb-kurser/mvc/me/report/tests/BlackJack/PlayerTest.php" line="53" assertions="1" time="0.001225"/>
        <testcase name="testGetSetRoundWinnings" class="PlayerTest" classname="PlayerTest" file="/Users/august/dbwebb-kurser/mvc/me/report/tests/BlackJack/PlayerTest.php" line="60" assertions="1" time="0.000697"/>
        <testcase name="testGetSetCurrentScore" class="PlayerTest" classname="PlayerTest" file="/Users/august/dbwebb-kurser/mvc/me/report/tests/BlackJack/PlayerTest.php" line="68" assertions="1" time="0.000591"/>
        <testcase name="testGetSetPlayerStanding" class="PlayerTest" classname="PlayerTest" file="/Users/august/dbwebb-kurser/mvc/me/report/tests/BlackJack/PlayerTest.php" line="76" assertions="1" time="0.000569"/>
        <testcase name="testGetSetBlackJack" class="PlayerTest" classname="PlayerTest" file="/Users/august/dbwebb-kurser/mvc/me/report/tests/BlackJack/PlayerTest.php" line="84" assertions="1" time="0.000578"/>
        <testcase name="testGetSetBust" class="PlayerTest" classname="PlayerTest" file="/Users/august/dbwebb-kurser/mvc/me/report/tests/BlackJack/PlayerTest.php" line="92" assertions="1" time="0.000546"/>
      </testsuite>
      <testsuite name="App\Tests\Entity\BookTest" file="/Users/august/dbwebb-kurser/mvc/me/report/tests/Entity/BookTest.php" tests="1" assertions="4" errors="0" warnings="0" failures="0" skipped="0" time="0.001592">
        <testcase name="testBookEntity" class="App\Tests\Entity\BookTest" classname="App.Tests.Entity.BookTest" file="/Users/august/dbwebb-kurser/mvc/me/report/tests/Entity/BookTest.php" line="10" assertions="4" time="0.001592"/>
      </testsuite>
      <testsuite name="App\Tests\Entity\ProductTest" file="/Users/august/dbwebb-kurser/mvc/me/report/tests/Entity/ProductTest.php" tests="1" assertions="2" errors="0" warnings="0" failures="0" skipped="0" time="0.001196">
        <testcase name="testProductEntity" class="App\Tests\Entity\ProductTest" classname="App.Tests.Entity.ProductTest" file="/Users/august/dbwebb-kurser/mvc/me/report/tests/Entity/ProductTest.php" line="10" assertions="2" time="0.001196"/>
      </testsuite>
      <testsuite name="App\Card\CardHandTest" file="/Users/august/dbwebb-kurser/mvc/me/report/tests/Game21/CardHandTest.php" tests="2" assertions="4" errors="0" warnings="0" failures="0" skipped="0" time="0.001961">
        <testcase name="testCreateCardHand" class="App\Card\CardHandTest" classname="App.Card.CardHandTest" file="/Users/august/dbwebb-kurser/mvc/me/report/tests/Game21/CardHandTest.php" line="16" assertions="3" time="0.001331"/>
        <testcase name="testAddCard" class="App\Card\CardHandTest" classname="App.Card.CardHandTest" file="/Users/august/dbwebb-kurser/mvc/me/report/tests/Game21/CardHandTest.php" line="33" assertions="1" time="0.000630"/>
      </testsuite>
      <testsuite name="App\Card\CardTest" file="/Users/august/dbwebb-kurser/mvc/me/report/tests/Game21/CardTest.php" tests="6" assertions="8" errors="0" warnings="0" failures="0" skipped="0" time="0.005116">
        <testcase name="testCreateCard" class="App\Card\CardTest" classname="App.Card.CardTest" file="/Users/august/dbwebb-kurser/mvc/me/report/tests/Game21/CardTest.php" line="16" assertions="3" time="0.002067"/>
        <testcase name="testToString" class="App\Card\CardTest" classname="App.Card.CardTest" file="/Users/august/dbwebb-kurser/mvc/me/report/tests/Game21/CardTest.php" line="30" assertions="1" time="0.000591"/>
        <testcase name="testGetSuit" class="App\Card\CardTest" classname="App.Card.CardTest" file="/Users/august/dbwebb-kurser/mvc/me/report/tests/Game21/CardTest.php" line="42" assertions="1" time="0.000618"/>
        <testcase name="testGetValue" class="App\Card\CardTest" classname="App.Card.CardTest" file="/Users/august/dbwebb-kurser/mvc/me/report/tests/Game21/CardTest.php" line="54" assertions="1" time="0.000677"/>
        <testcase name="testGetGraphic" class="App\Card\CardTest" classname="App.Card.CardTest" file="/Users/august/dbwebb-kurser/mvc/me/report/tests/Game21/CardTest.php" line="66" assertions="1" time="0.000567"/>
        <testcase name="testToArray" class="App\Card\CardTest" classname="App.Card.CardTest" file="/Users/august/dbwebb-kurser/mvc/me/report/tests/Game21/CardTest.php" line="78" assertions="1" time="0.000595"/>
      </testsuite>
      <testsuite name="App\Card\DeckOfCardsTest" file="/Users/august/dbwebb-kurser/mvc/me/report/tests/Game21/DeckOfCardsTest.php" tests="7" assertions="70" errors="0" warnings="0" failures="0" skipped="0" time="0.015629">
        <testcase name="testCreateDeckOfCards" class="App\Card\DeckOfCardsTest" classname="App.Card.DeckOfCardsTest" file="/Users/august/dbwebb-kurser/mvc/me/report/tests/Game21/DeckOfCardsTest.php" line="16" assertions="1" time="0.000810"/>
        <testcase name="testGetAllCards" class="App\Card\DeckOfCardsTest" classname="App.Card.DeckOfCardsTest" file="/Users/august/dbwebb-kurser/mvc/me/report/tests/Game21/DeckOfCardsTest.php" line="28" assertions="54" time="0.001226"/>
        <testcase name="testGetAllCardsArray" class="App\Card\DeckOfCardsTest" classname="App.Card.DeckOfCardsTest" file="/Users/august/dbwebb-kurser/mvc/me/report/tests/Game21/DeckOfCardsTest.php" line="46" assertions="1" time="0.000909"/>
        <testcase name="testShuffleCards" class="App\Card\DeckOfCardsTest" classname="App.Card.DeckOfCardsTest" file="/Users/august/dbwebb-kurser/mvc/me/report/tests/Game21/DeckOfCardsTest.php" line="321" assertions="3" time="0.009921"/>
        <testcase name="testDrawCard" class="App\Card\DeckOfCardsTest" classname="App.Card.DeckOfCardsTest" file="/Users/august/dbwebb-kurser/mvc/me/report/tests/Game21/DeckOfCardsTest.php" line="346" assertions="3" time="0.000941"/>
        <testcase name="testDrawNumber" class="App\Card\DeckOfCardsTest" classname="App.Card.DeckOfCardsTest" file="/Users/august/dbwebb-kurser/mvc/me/report/tests/Game21/DeckOfCardsTest.php" line="368" assertions="4" time="0.000966"/>
        <testcase name="testGetRemainingCards" class="App\Card\DeckOfCardsTest" classname="App.Card.DeckOfCardsTest" file="/Users/august/dbwebb-kurser/mvc/me/report/tests/Game21/DeckOfCardsTest.php" line="393" assertions="4" time="0.000855"/>
      </testsuite>
      <testsuite name="App\Card\DeckOfCardsWithJokersTest" file="/Users/august/dbwebb-kurser/mvc/me/report/tests/Game21/DeckOfCardsWithJokersTest.php" tests="3" assertions="58" errors="0" warnings="0" failures="0" skipped="0" time="0.003524">
        <testcase name="testCreateDeckOfCardsWithJokers" class="App\Card\DeckOfCardsWithJokersTest" classname="App.Card.DeckOfCardsWithJokersTest" file="/Users/august/dbwebb-kurser/mvc/me/report/tests/Game21/DeckOfCardsWithJokersTest.php" line="16" assertions="1" time="0.001262"/>
        <testcase name="testGetAllCards" class="App\Card\DeckOfCardsWithJokersTest" classname="App.Card.DeckOfCardsWithJokersTest" file="/Users/august/dbwebb-kurser/mvc/me/report/tests/Game21/DeckOfCardsWithJokersTest.php" line="31" assertions="56" time="0.001206"/>
        <testcase name="testGetAllCardsArray" class="App\Card\DeckOfCardsWithJokersTest" classname="App.Card.DeckOfCardsWithJokersTest" file="/Users/august/dbwebb-kurser/mvc/me/report/tests/Game21/DeckOfCardsWithJokersTest.php" line="49" assertions="1" time="0.001056"/>
      </testsuite>
      <testsuite name="App\Card\Game21Test" file="/Users/august/dbwebb-kurser/mvc/me/report/tests/Game21/Game21Test.php" tests="9" assertions="25" errors="0" warnings="0" failures="0" skipped="0" time="0.008182">
        <testcase name="testCreateGame21" class="App\Card\Game21Test" classname="App.Card.Game21Test" file="/Users/august/dbwebb-kurser/mvc/me/report/tests/Game21/Game21Test.php" line="16" assertions="1" time="0.001835"/>
        <testcase name="testBankDraws" class="App\Card\Game21Test" classname="App.Card.Game21Test" file="/Users/august/dbwebb-kurser/mvc/me/report/tests/Game21/Game21Test.php" line="22" assertions="1" time="0.000877"/>
        <testcase name="testWinner" class="App\Card\Game21Test" classname="App.Card.Game21Test" file="/Users/august/dbwebb-kurser/mvc/me/report/tests/Game21/Game21Test.php" line="38" assertions="3" time="0.000688"/>
        <testcase name="testWinnerSameScore" class="App\Card\Game21Test" classname="App.Card.Game21Test" file="/Users/august/dbwebb-kurser/mvc/me/report/tests/Game21/Game21Test.php" line="65" assertions="2" time="0.000671"/>
        <testcase name="testWinnerPlayerBust" class="App\Card\Game21Test" classname="App.Card.Game21Test" file="/Users/august/dbwebb-kurser/mvc/me/report/tests/Game21/Game21Test.php" line="90" assertions="5" time="0.000832"/>
        <testcase name="testWinnerBankBust" class="App\Card\Game21Test" classname="App.Card.Game21Test" file="/Users/august/dbwebb-kurser/mvc/me/report/tests/Game21/Game21Test.php" line="124" assertions="4" time="0.000955"/>
        <testcase name="testWinnerFinalscores" class="App\Card\Game21Test" classname="App.Card.Game21Test" file="/Users/august/dbwebb-kurser/mvc/me/report/tests/Game21/Game21Test.php" line="158" assertions="3" time="0.000762"/>
        <testcase name="testBankMax" class="App\Card\Game21Test" classname="App.Card.Game21Test" file="/Users/august/dbwebb-kurser/mvc/me/report/tests/Game21/Game21Test.php" line="185" assertions="3" time="0.000705"/>
        <testcase name="testBankMin" class="App\Card\Game21Test" classname="App.Card.Game21Test" file="/Users/august/dbwebb-kurser/mvc/me/report/tests/Game21/Game21Test.php" line="213" assertions="3" time="0.000855"/>
      </testsuite>
    </testsuite>
  </testsuite>
</testsuites>
