<?xml version="1.0" encoding="UTF-8"?>
<testsuites>
  <testsuite name="" tests="25" assertions="159" errors="0" warnings="0" failures="0" skipped="0" time="0.043409">
    <testsuite name="Project Test Suite" tests="25" assertions="159" errors="0" warnings="0" failures="0" skipped="0" time="0.043409">
      <testsuite name="App\Card\CardHandTest" file="/Users/august/dbwebb-kurser/mvc/me/report/tests/Game21/CardHandTest.php" tests="2" assertions="4" errors="0" warnings="0" failures="0" skipped="0" time="0.012672">
        <testcase name="testCreateCardHand" class="App\Card\CardHandTest" classname="App.Card.CardHandTest" file="/Users/august/dbwebb-kurser/mvc/me/report/tests/Game21/CardHandTest.php" line="16" assertions="3" time="0.010785"/>
        <testcase name="testAddCard" class="App\Card\CardHandTest" classname="App.Card.CardHandTest" file="/Users/august/dbwebb-kurser/mvc/me/report/tests/Game21/CardHandTest.php" line="33" assertions="1" time="0.001887"/>
      </testsuite>
      <testsuite name="App\Card\CardTest" file="/Users/august/dbwebb-kurser/mvc/me/report/tests/Game21/CardTest.php" tests="6" assertions="8" errors="0" warnings="0" failures="0" skipped="0" time="0.003999">
        <testcase name="testCreateCard" class="App\Card\CardTest" classname="App.Card.CardTest" file="/Users/august/dbwebb-kurser/mvc/me/report/tests/Game21/CardTest.php" line="16" assertions="3" time="0.002045"/>
        <testcase name="testToString" class="App\Card\CardTest" classname="App.Card.CardTest" file="/Users/august/dbwebb-kurser/mvc/me/report/tests/Game21/CardTest.php" line="30" assertions="1" time="0.000376"/>
        <testcase name="testGetSuit" class="App\Card\CardTest" classname="App.Card.CardTest" file="/Users/august/dbwebb-kurser/mvc/me/report/tests/Game21/CardTest.php" line="42" assertions="1" time="0.000378"/>
        <testcase name="testGetValue" class="App\Card\CardTest" classname="App.Card.CardTest" file="/Users/august/dbwebb-kurser/mvc/me/report/tests/Game21/CardTest.php" line="54" assertions="1" time="0.000371"/>
        <testcase name="testGetGraphic" class="App\Card\CardTest" classname="App.Card.CardTest" file="/Users/august/dbwebb-kurser/mvc/me/report/tests/Game21/CardTest.php" line="66" assertions="1" time="0.000435"/>
        <testcase name="testToArray" class="App\Card\CardTest" classname="App.Card.CardTest" file="/Users/august/dbwebb-kurser/mvc/me/report/tests/Game21/CardTest.php" line="78" assertions="1" time="0.000395"/>
      </testsuite>
      <testsuite name="App\Card\DeckOfCardsTest" file="/Users/august/dbwebb-kurser/mvc/me/report/tests/Game21/DeckOfCardsTest.php" tests="7" assertions="70" errors="0" warnings="0" failures="0" skipped="0" time="0.017456">
        <testcase name="testCreateDeckOfCards" class="App\Card\DeckOfCardsTest" classname="App.Card.DeckOfCardsTest" file="/Users/august/dbwebb-kurser/mvc/me/report/tests/Game21/DeckOfCardsTest.php" line="16" assertions="1" time="0.002757"/>
        <testcase name="testGetAllCards" class="App\Card\DeckOfCardsTest" classname="App.Card.DeckOfCardsTest" file="/Users/august/dbwebb-kurser/mvc/me/report/tests/Game21/DeckOfCardsTest.php" line="28" assertions="54" time="0.001988"/>
        <testcase name="testGetAllCardsArray" class="App\Card\DeckOfCardsTest" classname="App.Card.DeckOfCardsTest" file="/Users/august/dbwebb-kurser/mvc/me/report/tests/Game21/DeckOfCardsTest.php" line="46" assertions="1" time="0.000647"/>
        <testcase name="testShuffleCards" class="App\Card\DeckOfCardsTest" classname="App.Card.DeckOfCardsTest" file="/Users/august/dbwebb-kurser/mvc/me/report/tests/Game21/DeckOfCardsTest.php" line="321" assertions="3" time="0.009562"/>
        <testcase name="testDrawCard" class="App\Card\DeckOfCardsTest" classname="App.Card.DeckOfCardsTest" file="/Users/august/dbwebb-kurser/mvc/me/report/tests/Game21/DeckOfCardsTest.php" line="346" assertions="3" time="0.001127"/>
        <testcase name="testDrawNumber" class="App\Card\DeckOfCardsTest" classname="App.Card.DeckOfCardsTest" file="/Users/august/dbwebb-kurser/mvc/me/report/tests/Game21/DeckOfCardsTest.php" line="368" assertions="4" time="0.000679"/>
        <testcase name="testGetRemainingCards" class="App\Card\DeckOfCardsTest" classname="App.Card.DeckOfCardsTest" file="/Users/august/dbwebb-kurser/mvc/me/report/tests/Game21/DeckOfCardsTest.php" line="393" assertions="4" time="0.000696"/>
      </testsuite>
      <testsuite name="App\Card\DeckOfCardsWithJokersTest" file="/Users/august/dbwebb-kurser/mvc/me/report/tests/Game21/DeckOfCardsWithJokersTest.php" tests="3" assertions="58" errors="0" warnings="0" failures="0" skipped="0" time="0.003395">
        <testcase name="testCreateDeckOfCardsWithJokers" class="App\Card\DeckOfCardsWithJokersTest" classname="App.Card.DeckOfCardsWithJokersTest" file="/Users/august/dbwebb-kurser/mvc/me/report/tests/Game21/DeckOfCardsWithJokersTest.php" line="16" assertions="1" time="0.001685"/>
        <testcase name="testGetAllCards" class="App\Card\DeckOfCardsWithJokersTest" classname="App.Card.DeckOfCardsWithJokersTest" file="/Users/august/dbwebb-kurser/mvc/me/report/tests/Game21/DeckOfCardsWithJokersTest.php" line="31" assertions="56" time="0.001014"/>
        <testcase name="testGetAllCardsArray" class="App\Card\DeckOfCardsWithJokersTest" classname="App.Card.DeckOfCardsWithJokersTest" file="/Users/august/dbwebb-kurser/mvc/me/report/tests/Game21/DeckOfCardsWithJokersTest.php" line="49" assertions="1" time="0.000696"/>
      </testsuite>
      <testsuite name="App\Card\Game21Test" file="/Users/august/dbwebb-kurser/mvc/me/report/tests/Game21/Game21Test.php" tests="7" assertions="19" errors="0" warnings="0" failures="0" skipped="0" time="0.005887">
        <testcase name="testCreateGame21" class="App\Card\Game21Test" classname="App.Card.Game21Test" file="/Users/august/dbwebb-kurser/mvc/me/report/tests/Game21/Game21Test.php" line="16" assertions="1" time="0.002201"/>
        <testcase name="testBankDraws" class="App\Card\Game21Test" classname="App.Card.Game21Test" file="/Users/august/dbwebb-kurser/mvc/me/report/tests/Game21/Game21Test.php" line="22" assertions="1" time="0.000765"/>
        <testcase name="testWinner" class="App\Card\Game21Test" classname="App.Card.Game21Test" file="/Users/august/dbwebb-kurser/mvc/me/report/tests/Game21/Game21Test.php" line="38" assertions="3" time="0.000593"/>
        <testcase name="testWinnerSameScore" class="App\Card\Game21Test" classname="App.Card.Game21Test" file="/Users/august/dbwebb-kurser/mvc/me/report/tests/Game21/Game21Test.php" line="65" assertions="2" time="0.000512"/>
        <testcase name="testWinnerPlayerBust" class="App\Card\Game21Test" classname="App.Card.Game21Test" file="/Users/august/dbwebb-kurser/mvc/me/report/tests/Game21/Game21Test.php" line="90" assertions="5" time="0.000582"/>
        <testcase name="testWinnerBankBust" class="App\Card\Game21Test" classname="App.Card.Game21Test" file="/Users/august/dbwebb-kurser/mvc/me/report/tests/Game21/Game21Test.php" line="124" assertions="4" time="0.000712"/>
        <testcase name="testWinnerFinalscores" class="App\Card\Game21Test" classname="App.Card.Game21Test" file="/Users/august/dbwebb-kurser/mvc/me/report/tests/Game21/Game21Test.php" line="158" assertions="3" time="0.000521"/>
      </testsuite>
    </testsuite>
  </testsuite>
</testsuites>
